#
# A fatal error has been detected by the Java Runtime Environment:
#
#  EXCEPTION_ACCESS_VIOLATION (0xc0000005) at pc=0x00007ffe3e91c1fb, pid=16520, tid=5076
#
# JRE version: OpenJDK Runtime Environment (16.0.1+9) (build 16.0.1+9-24)
# Java VM: OpenJDK 64-Bit Server VM (16.0.1+9-24, mixed mode, sharing, tiered, compressed oops, compressed class ptrs, g1 gc, windows-amd64)
# Problematic frame:
# C  [gurobi90.dll+0x46c1fb]
#
# No core dump will be written. Minidumps are not enabled by default on client versions of Windows
#
# If you would like to submit a bug report, please visit:
#   https://bugreport.java.com/bugreport/crash.jsp
# The crash happened outside the Java Virtual Machine in native code.
# See problematic frame for where to report the bug.
#

---------------  S U M M A R Y ------------

Command Line: -javaagent:D:\Programmi\IntelliJ IDEA 2020.3.3\lib\idea_rt.jar=50063:D:\Programmi\IntelliJ IDEA 2020.3.3\bin -Dfile.encoding=UTF-8 Gurobi.Optimizer

Host: AMD Ryzen 5 3600 6-Core Processor              , 12 cores, 31G,  Windows 10 , 64 bit Build 22000 (10.0.22000.120)
Time: Tue Oct 12 12:26:06 2021 W. Europe Summer Time elapsed time: 1666.017539 seconds (0d 0h 27m 46s)

---------------  T H R E A D  ---------------

Current thread (0x00000148dbefeb60):  JavaThread "main" [_thread_in_native, id=5076, stack(0x0000003f28400000,0x0000003f28500000)]

Stack: [0x0000003f28400000,0x0000003f28500000],  sp=0x0000003f284fc530,  free space=1009k
Native frames: (J=compiled Java code, j=interpreted, Vv=VM code, C=native code)
C  [gurobi90.dll+0x46c1fb]

Java frames: (J=compiled Java code, j=interpreted, Vv=VM code)
j  gurobi.GRBModel.jnioptimize(JII[J)I+0
j  gurobi.GRBModel.optimize()V+23
j  Gurobi.Optimizer.GRB_optimize_IIS()V+4
j  Gurobi.Optimizer.main([Ljava/lang/String;)V+40
v  ~StubRoutines::call_stub

siginfo: EXCEPTION_ACCESS_VIOLATION (0xc0000005), reading address 0x0000000000000048


Register to memory mapping:

RIP=0x00007ffe3e91c1fb gurobi90.dll
RAX=0x0000000000000003 is an unknown value
RBX=0x0000014896e85010 points into unknown readable memory: 0x000001489166cab0 | b0 ca 66 91 48 01 00 00
RCX=0x00000148900866b0 points into unknown readable memory: 0x40bcac0000000000 | 00 00 00 00 00 ac bc 40
RDX=0x0000000000000006 is an unknown value
RSP=0x0000003f284fc530 is pointing into the stack for thread: 0x00000148dbefeb60
RBP=0x000001488b81db10 points into unknown readable memory: 0x00000002129e2d82 | 82 2d 9e 12 02 00 00 00
RSI=0x0 is NULL
RDI=0x000001488b871310 points into unknown readable memory: 0x0000014896e85010 | 10 50 e8 96 48 01 00 00
R8 =0x000001488b84e390 points into unknown readable memory: 0x0000014890087270 | 70 72 08 90 48 01 00 00
R9 =0x0 is NULL
R10=0x0 is NULL
R11=0x0 is NULL
R12=0x00000148945e8da0 points into unknown readable memory: 0x405b400000000000 | 00 00 00 00 00 40 5b 40
R13=0x0 is NULL
R14=0x000001489166cab0 points into unknown readable memory: 0x0000000000000001 | 01 00 00 00 00 00 00 00
R15=0x0000000000000006 is an unknown value


Registers:
RAX=0x0000000000000003, RBX=0x0000014896e85010, RCX=0x00000148900866b0, RDX=0x0000000000000006
RSP=0x0000003f284fc530, RBP=0x000001488b81db10, RSI=0x0000000000000000, RDI=0x000001488b871310
R8 =0x000001488b84e390, R9 =0x0000000000000000, R10=0x0000000000000000, R11=0x0000000000000000
R12=0x00000148945e8da0, R13=0x0000000000000000, R14=0x000001489166cab0, R15=0x0000000000000006
RIP=0x00007ffe3e91c1fb, EFLAGS=0x0000000000010202

Top of Stack: (sp=0x0000003f284fc530)
0x0000003f284fc530:   0000000000000048 0000014800000001
0x0000003f284fc540:   0000000000000000 0000000000000000
0x0000003f284fc550:   0000000000000000 0000000000000000
0x0000003f284fc560:   0000000000000000 0000000000000000
0x0000003f284fc570:   0000000000002711 000001488b81db10
0x0000003f284fc580:   0000000000000000 0000000000000000
0x0000003f284fc590:   0000000000002711 00000000003a766b
0x0000003f284fc5a0:   0000003f284ff0e0 000001489166cab0
0x0000003f284fc5b0:   00000148a7f357e0 00007ffe3e85dbf0
0x0000003f284fc5c0:   41bee3e80bf8331c 3eb0c6f700000000
0x0000003f284fc5d0:   0000000000000000 00007ffe3e5444ec
0x0000003f284fc5e0:   0000000000018cab 00007ffe4a003d77
0x0000003f284fc5f0:   0000000000018311 0000014a13bfc040
0x0000003f284fc600:   4e554f4345444f4e 0000014900000054
0x0000003f284fc610:   0000000000000000 0000000000000003
0x0000003f284fc620:   0000014a0ae46010 0000014b53c7cc00 

Instructions: (pc=0x00007ffe3e91c1fb)
0x00007ffe3e91c0fb:   86 b8 00 00 00 8b 93 68 3f 00 00 c7 83 48 3f 00
0x00007ffe3e91c10b:   00 00 00 00 00 f2 44 0f 11 b3 50 3f 00 00 85 d2
0x00007ffe3e91c11b:   0f 8e 8a 00 00 00 89 d0 45 33 c0 4c 8b 93 70 3f
0x00007ffe3e91c12b:   00 00 41 bb 01 00 00 00 45 33 c9 d1 e8 74 4e 66
0x00007ffe3e91c13b:   0f 1f 44 00 00 4f 8b 1c 11 49 ff c0 4d 8b 63 18
0x00007ffe3e91c14b:   f2 41 0f 5d 54 24 48 f2 0f 11 93 50 3f 00 00 4f
0x00007ffe3e91c15b:   8b 5c 11 08 49 83 c1 10 4d 8b 5b 18 f2 41 0f 10
0x00007ffe3e91c16b:   43 48 66 0f 2f c2 77 03 0f 28 d0 f2 0f 11 93 50
0x00007ffe3e91c17b:   3f 00 00 4c 3b c0 72 bd 47 8d 5c 00 01 45 8d 43
0x00007ffe3e91c18b:   ff 44 3b c2 73 1a 4d 63 db 4f 8b 44 da f8 4d 8b
0x00007ffe3e91c19b:   48 18 f2 41 0f 5d 51 48 f2 0f 11 93 50 3f 00 00
0x00007ffe3e91c1ab:   8b 93 78 3f 00 00 85 d2 0f 8e 89 00 00 00 89 d0
0x00007ffe3e91c1bb:   45 33 c9 4c 8b 83 80 3f 00 00 41 bb 01 00 00 00
0x00007ffe3e91c1cb:   45 33 d2 d1 e8 74 48 4f 8b 1c 02 4d 85 db 74 12
0x00007ffe3e91c1db:   4d 8b 5b 18 f2 41 0f 5d 53 48 f2 0f 11 93 50 3f
0x00007ffe3e91c1eb:   00 00 4f 8b 5c 02 08 4d 85 db 74 12 4d 8b 5b 18
0x00007ffe3e91c1fb:   f2 41 0f 5d 53 48 f2 0f 11 93 50 3f 00 00 49 ff
0x00007ffe3e91c20b:   c1 49 83 c2 10 4c 3b c8 72 bd 47 8d 5c 09 01 45
0x00007ffe3e91c21b:   8d 4b ff 44 3b ca 73 1f 4d 63 db 4f 8b 44 d8 f8
0x00007ffe3e91c22b:   4d 85 c0 74 12 4d 8b 40 18 f2 41 0f 5d 50 48 f2
0x00007ffe3e91c23b:   0f 11 93 50 3f 00 00 48 8b 93 30 3f 00 00 48 85
0x00007ffe3e91c24b:   d2 0f 86 8d 00 00 00 48 89 d0 41 ba 01 00 00 00
0x00007ffe3e91c25b:   4c 8b 8b 40 3f 00 00 45 33 c0 48 d1 e8 74 54 66
0x00007ffe3e91c26b:   0f 1f 44 00 00 4d 63 e0 41 ff c0 49 c1 e4 04 4f
0x00007ffe3e91c27b:   8b 14 21 4d 8b 5a 18 f2 41 0f 5d 53 48 f2 0f 11
0x00007ffe3e91c28b:   93 50 3f 00 00 4f 8b 54 21 08 4d 8b 52 18 f2 41
0x00007ffe3e91c29b:   0f 10 42 48 66 0f 2f c2 77 03 0f 28 d0 f2 0f 11
0x00007ffe3e91c2ab:   93 50 3f 00 00 4c 3b c0 72 bb 45 03 c0 4d 63 d0
0x00007ffe3e91c2bb:   49 ff c2 49 ff ca 45 89 d0 4c 3b c2 73 16 4f 8b
0x00007ffe3e91c2cb:   04 d1 4d 8b 48 18 f2 41 0f 5d 51 48 f2 0f 11 93
0x00007ffe3e91c2db:   50 3f 00 00 8b 93 58 3f 00 00 85 d2 0f 8e 8e 00
0x00007ffe3e91c2eb:   00 00 89 d0 45 33 c0 4c 8b 93 60 3f 00 00 41 bb 


Stack slot to memory mapping:
stack at sp + 0 slots: 0x0000000000000048 is an unknown value
stack at sp + 1 slots: 0x0000014800000001 is an unknown value
stack at sp + 2 slots: 0x0 is NULL
stack at sp + 3 slots: 0x0 is NULL
stack at sp + 4 slots: 0x0 is NULL
stack at sp + 5 slots: 0x0 is NULL
stack at sp + 6 slots: 0x0 is NULL
stack at sp + 7 slots: 0x0 is NULL


---------------  P R O C E S S  ---------------

Threads class SMR info:
_java_thread_list=0x000001488b949140, length=13, elements={
0x00000148dbefeb60, 0x000001488a808e70, 0x000001488a809d30, 0x000001488a817870,
0x000001488a818270, 0x000001488a819c80, 0x000001488a81a680, 0x000001488b405b20,
0x000001488b40e570, 0x000001488b4257b0, 0x000001488b4d4530, 0x000001488b5e2290,
0x000001488b626fc0
}

Java Threads: ( => current thread )
=>0x00000148dbefeb60 JavaThread "main" [_thread_in_native, id=5076, stack(0x0000003f28400000,0x0000003f28500000)]
  0x000001488a808e70 JavaThread "Reference Handler" daemon [_thread_blocked, id=8544, stack(0x0000003f28b00000,0x0000003f28c00000)]
  0x000001488a809d30 JavaThread "Finalizer" daemon [_thread_blocked, id=15204, stack(0x0000003f28c00000,0x0000003f28d00000)]
  0x000001488a817870 JavaThread "Signal Dispatcher" daemon [_thread_blocked, id=7592, stack(0x0000003f28d00000,0x0000003f28e00000)]
  0x000001488a818270 JavaThread "Attach Listener" daemon [_thread_blocked, id=18956, stack(0x0000003f28e00000,0x0000003f28f00000)]
  0x000001488a819c80 JavaThread "Service Thread" daemon [_thread_blocked, id=15880, stack(0x0000003f28f00000,0x0000003f29000000)]
  0x000001488a81a680 JavaThread "Monitor Deflation Thread" daemon [_thread_blocked, id=14740, stack(0x0000003f29000000,0x0000003f29100000)]
  0x000001488b405b20 JavaThread "C2 CompilerThread0" daemon [_thread_blocked, id=20348, stack(0x0000003f29100000,0x0000003f29200000)]
  0x000001488b40e570 JavaThread "C1 CompilerThread0" daemon [_thread_blocked, id=8844, stack(0x0000003f29200000,0x0000003f29300000)]
  0x000001488b4257b0 JavaThread "Sweeper thread" daemon [_thread_blocked, id=11148, stack(0x0000003f29300000,0x0000003f29400000)]
  0x000001488b4d4530 JavaThread "Common-Cleaner" daemon [_thread_blocked, id=17688, stack(0x0000003f29400000,0x0000003f29500000)]
  0x000001488b5e2290 JavaThread "Monitor Ctrl-Break" daemon [_thread_in_native, id=3784, stack(0x0000003f29500000,0x0000003f29600000)]
  0x000001488b626fc0 JavaThread "Notification Thread" daemon [_thread_blocked, id=15640, stack(0x0000003f29600000,0x0000003f29700000)]

Other Threads:
  0x000001488a804220 VMThread "VM Thread" [stack: 0x0000003f28a00000,0x0000003f28b00000] [id=17176]
  0x000001488b5e27b0 WatcherThread [stack: 0x0000003f29700000,0x0000003f29800000] [id=13040]
  0x00000148dbf72540 GCTaskThread "GC Thread#0" [stack: 0x0000003f28500000,0x0000003f28600000] [id=14888]
  0x000001488b863860 GCTaskThread "GC Thread#1" [stack: 0x0000003f29900000,0x0000003f29a00000] [id=20244]
  0x000001488baa76a0 GCTaskThread "GC Thread#2" [stack: 0x0000003f29a00000,0x0000003f29b00000] [id=15920]
  0x000001488b86f6a0 GCTaskThread "GC Thread#3" [stack: 0x0000003f29b00000,0x0000003f29c00000] [id=20100]
  0x000001488be35010 GCTaskThread "GC Thread#4" [stack: 0x0000003f29c00000,0x0000003f29d00000] [id=15900]
  0x000001488b9c73f0 GCTaskThread "GC Thread#5" [stack: 0x0000003f29d00000,0x0000003f29e00000] [id=1348]
  0x000001488b85f800 GCTaskThread "GC Thread#6" [stack: 0x0000003f29e00000,0x0000003f29f00000] [id=12296]
  0x000001488bab57c0 GCTaskThread "GC Thread#7" [stack: 0x0000003f29f00000,0x0000003f2a000000] [id=2364]
  0x000001488b8de5e0 GCTaskThread "GC Thread#8" [stack: 0x0000003f2a000000,0x0000003f2a100000] [id=17012]
  0x000001488b8de2d0 GCTaskThread "GC Thread#9" [stack: 0x0000003f2a100000,0x0000003f2a200000] [id=19208]
  0x00000148dbf84510 ConcurrentGCThread "G1 Main Marker" [stack: 0x0000003f28600000,0x0000003f28700000] [id=16580]
  0x00000148dbf85720 ConcurrentGCThread "G1 Conc#0" [stack: 0x0000003f28700000,0x0000003f28800000] [id=6228]
  0x000001488b8dd070 ConcurrentGCThread "G1 Conc#1" [stack: 0x0000003f2aa00000,0x0000003f2ab00000] [id=17964]
  0x000001488b8dec00 ConcurrentGCThread "G1 Conc#2" [stack: 0x0000003f2ab00000,0x0000003f2ac00000] [id=20084]
  0x000001488a6b44f0 ConcurrentGCThread "G1 Refine#0" [stack: 0x0000003f28800000,0x0000003f28900000] [id=14212]
  0x000001488caf3410 ConcurrentGCThread "G1 Refine#1" [stack: 0x0000003f29800000,0x0000003f29900000] [id=20252]
  0x000001488c07f030 ConcurrentGCThread "G1 Refine#2" [stack: 0x0000003f2a200000,0x0000003f2a300000] [id=15216]
  0x000001488c0bdc30 ConcurrentGCThread "G1 Refine#3" [stack: 0x0000003f2a300000,0x0000003f2a400000] [id=19144]
  0x0000014892f75820 ConcurrentGCThread "G1 Refine#4" [stack: 0x0000003f2a400000,0x0000003f2a500000] [id=18832]
  0x000001488b999020 ConcurrentGCThread "G1 Refine#5" [stack: 0x0000003f2a500000,0x0000003f2a600000] [id=18532]
  0x000001488cfcec40 ConcurrentGCThread "G1 Refine#6" [stack: 0x0000003f2a600000,0x0000003f2a700000] [id=14824]
  0x000001489c19b420 ConcurrentGCThread "G1 Refine#7" [stack: 0x0000003f2a700000,0x0000003f2a800000] [id=10448]
  0x000001488c4ab010 ConcurrentGCThread "G1 Refine#8" [stack: 0x0000003f2a800000,0x0000003f2a900000] [id=19036]
  0x00000148929ee010 ConcurrentGCThread "G1 Refine#9" [stack: 0x0000003f2a900000,0x0000003f2aa00000] [id=8576]
  0x000001488a6b4f70 ConcurrentGCThread "G1 Service" [stack: 0x0000003f28900000,0x0000003f28a00000] [id=1612]

Threads with active compile tasks:

VM state: not at safepoint (normal execution)

VM Mutex/Monitor currently owned by a thread: None

Heap address: 0x0000000601000000, size: 8176 MB, Compressed Oops mode: Zero based, Oop shift amount: 3

CDS archive(s) mapped at: [0x0000000800000000-0x0000000800bb0000-0x0000000800bb0000), size 12255232, SharedBaseAddress: 0x0000000800000000, ArchiveRelocationMode: 0.
Compressed class space mapped at: 0x0000000800c00000-0x0000000840c00000, reserved size: 1073741824
Narrow klass base: 0x0000000800000000, Narrow klass shift: 3, Narrow klass range: 0x100000000

GC Precious Log:
 CPUs: 12 total, 12 available
 Memory: 32694M
 Large Page Support: Disabled
 NUMA Support: Disabled
 Compressed Oops: Enabled (Zero based)
 Heap Region Size: 4M
 Heap Min Capacity: 8M
 Heap Initial Capacity: 512M
 Heap Max Capacity: 8176M
 Pre-touch: Disabled
 Parallel Workers: 10
 Concurrent Workers: 3
 Concurrent Refinement Workers: 10
 Periodic GC: Disabled

Heap:
 garbage-first heap   total 983040K, used 577865K [0x0000000601000000, 0x0000000800000000)
  region size 4096K, 5 young (20480K), 4 survivors (16384K)
 Metaspace       used 1801K, committed 2048K, reserved 1056768K
  class space    used 136K, committed 256K, reserved 1048576K

Heap Regions: E=young(eden), S=young(survivor), O=old, HS=humongous(starts), HC=humongous(continues), CS=collection set, F=free, OA=open archive, CA=closed archive, TAMS=top-at-mark-start (previous, next)
|   0|0x0000000601000000, 0x0000000601400000, 0x0000000601400000|100%| O|  |TAMS 0x0000000601400000, 0x0000000601000000| Untracked 
|   1|0x0000000601400000, 0x0000000601800000, 0x0000000601800000|100%| O|  |TAMS 0x0000000601800000, 0x0000000601400000| Untracked 
|   2|0x0000000601800000, 0x0000000601c00000, 0x0000000601c00000|100%| O|  |TAMS 0x0000000601c00000, 0x0000000601800000| Untracked 
|   3|0x0000000601c00000, 0x0000000602000000, 0x0000000602000000|100%| O|  |TAMS 0x0000000602000000, 0x0000000601c00000| Untracked 
|   4|0x0000000602000000, 0x0000000602400000, 0x0000000602400000|100%| O|  |TAMS 0x0000000602400000, 0x0000000602000000| Untracked 
|   5|0x0000000602400000, 0x0000000602800000, 0x0000000602800000|100%| O|  |TAMS 0x0000000602800000, 0x0000000602400000| Untracked 
|   6|0x0000000602800000, 0x0000000602c00000, 0x0000000602c00000|100%| O|  |TAMS 0x0000000602c00000, 0x0000000602800000| Untracked 
|   7|0x0000000602c00000, 0x0000000603000000, 0x0000000603000000|100%| O|  |TAMS 0x0000000603000000, 0x0000000602c00000| Untracked 
|   8|0x0000000603000000, 0x0000000603400000, 0x0000000603400000|100%| O|  |TAMS 0x0000000603400000, 0x0000000603000000| Untracked 
|   9|0x0000000603400000, 0x0000000603800000, 0x0000000603800000|100%| O|  |TAMS 0x0000000603800000, 0x0000000603400000| Untracked 
|  10|0x0000000603800000, 0x0000000603c00000, 0x0000000603c00000|100%| O|  |TAMS 0x0000000603c00000, 0x0000000603800000| Untracked 
|  11|0x0000000603c00000, 0x0000000604000000, 0x0000000604000000|100%| O|  |TAMS 0x0000000604000000, 0x0000000603c00000| Untracked 
|  12|0x0000000604000000, 0x0000000604400000, 0x0000000604400000|100%| O|  |TAMS 0x0000000604400000, 0x0000000604000000| Untracked 
|  13|0x0000000604400000, 0x0000000604800000, 0x0000000604800000|100%| O|  |TAMS 0x0000000604800000, 0x0000000604400000| Untracked 
|  14|0x0000000604800000, 0x0000000604c00000, 0x0000000604c00000|100%| O|  |TAMS 0x0000000604c00000, 0x0000000604800000| Untracked 
|  15|0x0000000604c00000, 0x0000000605000000, 0x0000000605000000|100%| O|  |TAMS 0x0000000605000000, 0x0000000604c00000| Untracked 
|  16|0x0000000605000000, 0x0000000605400000, 0x0000000605400000|100%| O|  |TAMS 0x0000000605400000, 0x0000000605000000| Untracked 
|  17|0x0000000605400000, 0x0000000605800000, 0x0000000605800000|100%| O|  |TAMS 0x0000000605800000, 0x0000000605400000| Untracked 
|  18|0x0000000605800000, 0x0000000605c00000, 0x0000000605c00000|100%| O|  |TAMS 0x0000000605c00000, 0x0000000605800000| Untracked 
|  19|0x0000000605c00000, 0x0000000606000000, 0x0000000606000000|100%| O|  |TAMS 0x0000000606000000, 0x0000000605c00000| Untracked 
|  20|0x0000000606000000, 0x0000000606400000, 0x0000000606400000|100%| O|  |TAMS 0x0000000606400000, 0x0000000606000000| Untracked 
|  21|0x0000000606400000, 0x0000000606800000, 0x0000000606800000|100%| O|  |TAMS 0x0000000606800000, 0x0000000606400000| Untracked 
|  22|0x0000000606800000, 0x0000000606c00000, 0x0000000606c00000|100%| O|  |TAMS 0x0000000606c00000, 0x0000000606800000| Untracked 
|  23|0x0000000606c00000, 0x0000000607000000, 0x0000000607000000|100%| O|  |TAMS 0x0000000607000000, 0x0000000606c00000| Untracked 
|  24|0x0000000607000000, 0x0000000607400000, 0x0000000607400000|100%| O|  |TAMS 0x0000000607400000, 0x0000000607000000| Untracked 
|  25|0x0000000607400000, 0x0000000607800000, 0x0000000607800000|100%| O|  |TAMS 0x0000000607800000, 0x0000000607400000| Untracked 
|  26|0x0000000607800000, 0x0000000607c00000, 0x0000000607c00000|100%| O|  |TAMS 0x0000000607c00000, 0x0000000607800000| Untracked 
|  27|0x0000000607c00000, 0x0000000608000000, 0x0000000608000000|100%| O|  |TAMS 0x0000000608000000, 0x0000000607c00000| Untracked 
|  28|0x0000000608000000, 0x0000000608400000, 0x0000000608400000|100%| O|  |TAMS 0x0000000608400000, 0x0000000608000000| Untracked 
|  29|0x0000000608400000, 0x0000000608800000, 0x0000000608800000|100%| O|  |TAMS 0x0000000608800000, 0x0000000608400000| Untracked 
|  30|0x0000000608800000, 0x0000000608c00000, 0x0000000608c00000|100%| O|  |TAMS 0x0000000608c00000, 0x0000000608800000| Untracked 
|  31|0x0000000608c00000, 0x0000000609000000, 0x0000000609000000|100%| O|  |TAMS 0x0000000609000000, 0x0000000608c00000| Untracked 
|  32|0x0000000609000000, 0x0000000609400000, 0x0000000609400000|100%| O|  |TAMS 0x0000000609400000, 0x0000000609000000| Untracked 
|  33|0x0000000609400000, 0x0000000609800000, 0x0000000609800000|100%| O|  |TAMS 0x0000000609800000, 0x0000000609400000| Untracked 
|  34|0x0000000609800000, 0x0000000609c00000, 0x0000000609c00000|100%| O|  |TAMS 0x0000000609c00000, 0x0000000609800000| Untracked 
|  35|0x0000000609c00000, 0x000000060a000000, 0x000000060a000000|100%| O|  |TAMS 0x000000060a000000, 0x0000000609c00000| Untracked 
|  36|0x000000060a000000, 0x000000060a400000, 0x000000060a400000|100%| O|  |TAMS 0x000000060a400000, 0x000000060a000000| Untracked 
|  37|0x000000060a400000, 0x000000060a800000, 0x000000060a800000|100%| O|  |TAMS 0x000000060a800000, 0x000000060a400000| Untracked 
|  38|0x000000060a800000, 0x000000060ac00000, 0x000000060ac00000|100%| O|  |TAMS 0x000000060ac00000, 0x000000060a800000| Untracked 
|  39|0x000000060ac00000, 0x000000060b000000, 0x000000060b000000|100%| O|  |TAMS 0x000000060b000000, 0x000000060ac00000| Untracked 
|  40|0x000000060b000000, 0x000000060b400000, 0x000000060b400000|100%| O|  |TAMS 0x000000060b400000, 0x000000060b000000| Untracked 
|  41|0x000000060b400000, 0x000000060b800000, 0x000000060b800000|100%| O|  |TAMS 0x000000060b800000, 0x000000060b400000| Untracked 
|  42|0x000000060b800000, 0x000000060bc00000, 0x000000060bc00000|100%| O|  |TAMS 0x000000060bc00000, 0x000000060b800000| Untracked 
|  43|0x000000060bc00000, 0x000000060c000000, 0x000000060c000000|100%| O|  |TAMS 0x000000060c000000, 0x000000060bc00000| Untracked 
|  44|0x000000060c000000, 0x000000060c400000, 0x000000060c400000|100%| O|  |TAMS 0x000000060c400000, 0x000000060c000000| Untracked 
|  45|0x000000060c400000, 0x000000060c800000, 0x000000060c800000|100%| O|  |TAMS 0x000000060c800000, 0x000000060c400000| Untracked 
|  46|0x000000060c800000, 0x000000060cc00000, 0x000000060cc00000|100%| O|  |TAMS 0x000000060cc00000, 0x000000060c800000| Untracked 
|  47|0x000000060cc00000, 0x000000060d000000, 0x000000060d000000|100%| O|  |TAMS 0x000000060d000000, 0x000000060cc00000| Untracked 
|  48|0x000000060d000000, 0x000000060d400000, 0x000000060d400000|100%| O|  |TAMS 0x000000060d400000, 0x000000060d000000| Untracked 
|  49|0x000000060d400000, 0x000000060d800000, 0x000000060d800000|100%| O|  |TAMS 0x000000060d800000, 0x000000060d400000| Untracked 
|  50|0x000000060d800000, 0x000000060dc00000, 0x000000060dc00000|100%| O|  |TAMS 0x000000060dc00000, 0x000000060d800000| Untracked 
|  51|0x000000060dc00000, 0x000000060e000000, 0x000000060e000000|100%| O|  |TAMS 0x000000060e000000, 0x000000060dc00000| Untracked 
|  52|0x000000060e000000, 0x000000060e400000, 0x000000060e400000|100%| O|  |TAMS 0x000000060e400000, 0x000000060e000000| Untracked 
|  53|0x000000060e400000, 0x000000060e800000, 0x000000060e800000|100%| O|  |TAMS 0x000000060e800000, 0x000000060e400000| Untracked 
|  54|0x000000060e800000, 0x000000060ec00000, 0x000000060ec00000|100%| O|  |TAMS 0x000000060ec00000, 0x000000060e800000| Untracked 
|  55|0x000000060ec00000, 0x000000060f000000, 0x000000060f000000|100%| O|  |TAMS 0x000000060f000000, 0x000000060ec00000| Untracked 
|  56|0x000000060f000000, 0x000000060f400000, 0x000000060f400000|100%| O|  |TAMS 0x000000060f400000, 0x000000060f000000| Untracked 
|  57|0x000000060f400000, 0x000000060f800000, 0x000000060f800000|100%| O|  |TAMS 0x000000060f800000, 0x000000060f400000| Untracked 
|  58|0x000000060f800000, 0x000000060fc00000, 0x000000060fc00000|100%| O|  |TAMS 0x000000060fc00000, 0x000000060f800000| Untracked 
|  59|0x000000060fc00000, 0x0000000610000000, 0x0000000610000000|100%| O|  |TAMS 0x0000000610000000, 0x000000060fc00000| Untracked 
|  60|0x0000000610000000, 0x0000000610400000, 0x0000000610400000|100%| O|  |TAMS 0x0000000610400000, 0x0000000610000000| Untracked 
|  61|0x0000000610400000, 0x0000000610800000, 0x0000000610800000|100%| O|  |TAMS 0x0000000610800000, 0x0000000610400000| Untracked 
|  62|0x0000000610800000, 0x0000000610c00000, 0x0000000610c00000|100%| O|  |TAMS 0x0000000610c00000, 0x0000000610800000| Untracked 
|  63|0x0000000610c00000, 0x0000000611000000, 0x0000000611000000|100%| O|  |TAMS 0x0000000611000000, 0x0000000610c00000| Untracked 
|  64|0x0000000611000000, 0x0000000611400000, 0x0000000611400000|100%| O|  |TAMS 0x0000000611400000, 0x0000000611000000| Untracked 
|  65|0x0000000611400000, 0x0000000611800000, 0x0000000611800000|100%| O|  |TAMS 0x0000000611800000, 0x0000000611400000| Untracked 
|  66|0x0000000611800000, 0x0000000611c00000, 0x0000000611c00000|100%| O|  |TAMS 0x0000000611c00000, 0x0000000611800000| Untracked 
|  67|0x0000000611c00000, 0x0000000612000000, 0x0000000612000000|100%| O|  |TAMS 0x0000000612000000, 0x0000000611c00000| Untracked 
|  68|0x0000000612000000, 0x0000000612400000, 0x0000000612400000|100%| O|  |TAMS 0x0000000612400000, 0x0000000612000000| Untracked 
|  69|0x0000000612400000, 0x0000000612800000, 0x0000000612800000|100%| O|  |TAMS 0x0000000612800000, 0x0000000612400000| Untracked 
|  70|0x0000000612800000, 0x0000000612c00000, 0x0000000612c00000|100%| O|  |TAMS 0x0000000612c00000, 0x0000000612800000| Untracked 
|  71|0x0000000612c00000, 0x0000000613000000, 0x0000000613000000|100%| O|  |TAMS 0x0000000613000000, 0x0000000612c00000| Untracked 
|  72|0x0000000613000000, 0x0000000613400000, 0x0000000613400000|100%| O|  |TAMS 0x0000000613400000, 0x0000000613000000| Untracked 
|  73|0x0000000613400000, 0x0000000613800000, 0x0000000613800000|100%| O|  |TAMS 0x0000000613800000, 0x0000000613400000| Untracked 
|  74|0x0000000613800000, 0x0000000613c00000, 0x0000000613c00000|100%| O|  |TAMS 0x0000000613c00000, 0x0000000613800000| Untracked 
|  75|0x0000000613c00000, 0x0000000614000000, 0x0000000614000000|100%| O|  |TAMS 0x0000000614000000, 0x0000000613c00000| Untracked 
|  76|0x0000000614000000, 0x0000000614400000, 0x0000000614400000|100%| O|  |TAMS 0x0000000614400000, 0x0000000614000000| Untracked 
|  77|0x0000000614400000, 0x0000000614800000, 0x0000000614800000|100%| O|  |TAMS 0x0000000614800000, 0x0000000614400000| Untracked 
|  78|0x0000000614800000, 0x0000000614c00000, 0x0000000614c00000|100%| O|  |TAMS 0x0000000614c00000, 0x0000000614800000| Untracked 
|  79|0x0000000614c00000, 0x0000000615000000, 0x0000000615000000|100%| O|  |TAMS 0x0000000615000000, 0x0000000614c00000| Untracked 
|  80|0x0000000615000000, 0x0000000615400000, 0x0000000615400000|100%| O|  |TAMS 0x0000000615400000, 0x0000000615000000| Untracked 
|  81|0x0000000615400000, 0x0000000615800000, 0x0000000615800000|100%| O|  |TAMS 0x0000000615800000, 0x0000000615400000| Untracked 
|  82|0x0000000615800000, 0x0000000615c00000, 0x0000000615c00000|100%| O|  |TAMS 0x0000000615c00000, 0x0000000615800000| Untracked 
|  83|0x0000000615c00000, 0x0000000616000000, 0x0000000616000000|100%| O|  |TAMS 0x0000000616000000, 0x0000000615c00000| Untracked 
|  84|0x0000000616000000, 0x0000000616400000, 0x0000000616400000|100%| O|  |TAMS 0x0000000616400000, 0x0000000616000000| Untracked 
|  85|0x0000000616400000, 0x0000000616800000, 0x0000000616800000|100%| O|  |TAMS 0x0000000616800000, 0x0000000616400000| Untracked 
|  86|0x0000000616800000, 0x0000000616c00000, 0x0000000616c00000|100%| O|  |TAMS 0x0000000616c00000, 0x0000000616800000| Untracked 
|  87|0x0000000616c00000, 0x0000000617000000, 0x0000000617000000|100%| O|  |TAMS 0x0000000617000000, 0x0000000616c00000| Untracked 
|  88|0x0000000617000000, 0x0000000617400000, 0x0000000617400000|100%| O|  |TAMS 0x0000000617400000, 0x0000000617000000| Untracked 
|  89|0x0000000617400000, 0x0000000617800000, 0x0000000617800000|100%| O|  |TAMS 0x0000000617800000, 0x0000000617400000| Untracked 
|  90|0x0000000617800000, 0x0000000617c00000, 0x0000000617c00000|100%| O|  |TAMS 0x0000000617c00000, 0x0000000617800000| Untracked 
|  91|0x0000000617c00000, 0x0000000618000000, 0x0000000618000000|100%| O|  |TAMS 0x0000000618000000, 0x0000000617c00000| Untracked 
|  92|0x0000000618000000, 0x0000000618400000, 0x0000000618400000|100%| O|  |TAMS 0x0000000618400000, 0x0000000618000000| Untracked 
|  93|0x0000000618400000, 0x0000000618800000, 0x0000000618800000|100%| O|  |TAMS 0x0000000618800000, 0x0000000618400000| Untracked 
|  94|0x0000000618800000, 0x0000000618800000, 0x0000000618c00000|  0%| F|  |TAMS 0x0000000618800000, 0x0000000618800000| Untracked 
|  95|0x0000000618c00000, 0x0000000618c00000, 0x0000000619000000|  0%| F|  |TAMS 0x0000000618c00000, 0x0000000618c00000| Untracked 
|  96|0x0000000619000000, 0x0000000619000000, 0x0000000619400000|  0%| F|  |TAMS 0x0000000619000000, 0x0000000619000000| Untracked 
|  97|0x0000000619400000, 0x0000000619400000, 0x0000000619800000|  0%| F|  |TAMS 0x0000000619400000, 0x0000000619400000| Untracked 
|  98|0x0000000619800000, 0x0000000619800000, 0x0000000619c00000|  0%| F|  |TAMS 0x0000000619800000, 0x0000000619800000| Untracked 
|  99|0x0000000619c00000, 0x0000000619c00000, 0x000000061a000000|  0%| F|  |TAMS 0x0000000619c00000, 0x0000000619c00000| Untracked 
| 100|0x000000061a000000, 0x000000061a400000, 0x000000061a400000|100%|HS|  |TAMS 0x000000061a400000, 0x000000061a000000| Complete 
| 101|0x000000061a400000, 0x000000061a800000, 0x000000061a800000|100%|HC|  |TAMS 0x000000061a800000, 0x000000061a400000| Complete 
| 102|0x000000061a800000, 0x000000061ac00000, 0x000000061ac00000|100%|HC|  |TAMS 0x000000061ac00000, 0x000000061a800000| Complete 
| 103|0x000000061ac00000, 0x000000061b000000, 0x000000061b000000|100%|HC|  |TAMS 0x000000061b000000, 0x000000061ac00000| Complete 
| 104|0x000000061b000000, 0x000000061b400000, 0x000000061b400000|100%|HS|  |TAMS 0x000000061b400000, 0x000000061b000000| Complete 
| 105|0x000000061b400000, 0x000000061b800000, 0x000000061b800000|100%|HC|  |TAMS 0x000000061b800000, 0x000000061b400000| Complete 
| 106|0x000000061b800000, 0x000000061bc00000, 0x000000061bc00000|100%|HC|  |TAMS 0x000000061bc00000, 0x000000061b800000| Complete 
| 107|0x000000061bc00000, 0x000000061c000000, 0x000000061c000000|100%|HC|  |TAMS 0x000000061c000000, 0x000000061bc00000| Complete 
| 108|0x000000061c000000, 0x000000061c400000, 0x000000061c400000|100%| O|  |TAMS 0x000000061c400000, 0x000000061c000000| Untracked 
| 109|0x000000061c400000, 0x000000061c800000, 0x000000061c800000|100%| O|  |TAMS 0x000000061c800000, 0x000000061c400000| Untracked 
| 110|0x000000061c800000, 0x000000061cc00000, 0x000000061cc00000|100%| O|  |TAMS 0x000000061cc00000, 0x000000061c800000| Untracked 
| 111|0x000000061cc00000, 0x000000061d000000, 0x000000061d000000|100%| O|  |TAMS 0x000000061d000000, 0x000000061cc00000| Untracked 
| 112|0x000000061d000000, 0x000000061d400000, 0x000000061d400000|100%| O|  |TAMS 0x000000061d264400, 0x000000061d000000| Untracked 
| 113|0x000000061d400000, 0x000000061d800000, 0x000000061d800000|100%|HS|  |TAMS 0x000000061d800000, 0x000000061d400000| Complete 
| 114|0x000000061d800000, 0x000000061dc00000, 0x000000061dc00000|100%|HC|  |TAMS 0x000000061dc00000, 0x000000061d800000| Complete 
| 115|0x000000061dc00000, 0x000000061e000000, 0x000000061e000000|100%|HC|  |TAMS 0x000000061e000000, 0x000000061dc00000| Complete 
| 116|0x000000061e000000, 0x000000061e400000, 0x000000061e400000|100%|HC|  |TAMS 0x000000061e400000, 0x000000061e000000| Complete 
| 117|0x000000061e400000, 0x000000061e800000, 0x000000061e800000|100%|HC|  |TAMS 0x000000061e800000, 0x000000061e400000| Complete 
| 118|0x000000061e800000, 0x000000061ec00000, 0x000000061ec00000|100%|HC|  |TAMS 0x000000061ec00000, 0x000000061e800000| Complete 
| 119|0x000000061ec00000, 0x000000061f000000, 0x000000061f000000|100%|HC|  |TAMS 0x000000061f000000, 0x000000061ec00000| Complete 
| 120|0x000000061f000000, 0x000000061f400000, 0x000000061f400000|100%|HC|  |TAMS 0x000000061f400000, 0x000000061f000000| Complete 
| 121|0x000000061f400000, 0x000000061f800000, 0x000000061f800000|100%|HC|  |TAMS 0x000000061f800000, 0x000000061f400000| Complete 
| 122|0x000000061f800000, 0x000000061fc00000, 0x000000061fc00000|100%| O|  |TAMS 0x000000061f800000, 0x000000061f800000| Untracked 
| 123|0x000000061fc00000, 0x0000000620000000, 0x0000000620000000|100%| O|  |TAMS 0x000000061fc00000, 0x000000061fc00000| Untracked 
| 124|0x0000000620000000, 0x0000000620400000, 0x0000000620400000|100%| O|  |TAMS 0x0000000620000000, 0x0000000620000000| Untracked 
| 125|0x0000000620400000, 0x0000000620800000, 0x0000000620800000|100%| O|  |TAMS 0x0000000620400000, 0x0000000620400000| Untracked 
| 126|0x0000000620800000, 0x0000000620c00000, 0x0000000620c00000|100%| O|  |TAMS 0x0000000620800000, 0x0000000620800000| Untracked 
| 127|0x0000000620c00000, 0x0000000621000000, 0x0000000621000000|100%| O|  |TAMS 0x0000000620c00000, 0x0000000620c00000| Untracked 
| 128|0x0000000621000000, 0x0000000621400000, 0x0000000621400000|100%| O|  |TAMS 0x0000000621000000, 0x0000000621000000| Untracked 
| 129|0x0000000621400000, 0x0000000621800000, 0x0000000621800000|100%| O|  |TAMS 0x0000000621400000, 0x0000000621400000| Untracked 
| 130|0x0000000621800000, 0x00000006218e6000, 0x0000000621c00000| 22%| O|  |TAMS 0x0000000621800000, 0x0000000621800000| Untracked 
| 131|0x0000000621c00000, 0x0000000622000000, 0x0000000622000000|100%|HS|  |TAMS 0x0000000621c00000, 0x0000000621c00000| Complete 
| 132|0x0000000622000000, 0x0000000622400000, 0x0000000622400000|100%|HC|  |TAMS 0x0000000622000000, 0x0000000622000000| Complete 
| 133|0x0000000622400000, 0x0000000622800000, 0x0000000622800000|100%|HC|  |TAMS 0x0000000622400000, 0x0000000622400000| Complete 
| 134|0x0000000622800000, 0x0000000622c00000, 0x0000000622c00000|100%|HC|  |TAMS 0x0000000622800000, 0x0000000622800000| Complete 
| 135|0x0000000622c00000, 0x0000000623000000, 0x0000000623000000|100%|HC|  |TAMS 0x0000000622c00000, 0x0000000622c00000| Complete 
| 136|0x0000000623000000, 0x0000000623400000, 0x0000000623400000|100%|HC|  |TAMS 0x0000000623000000, 0x0000000623000000| Complete 
| 137|0x0000000623400000, 0x0000000623800000, 0x0000000623800000|100%|HC|  |TAMS 0x0000000623400000, 0x0000000623400000| Complete 
| 138|0x0000000623800000, 0x0000000623c00000, 0x0000000623c00000|100%|HC|  |TAMS 0x0000000623800000, 0x0000000623800000| Complete 
| 139|0x0000000623c00000, 0x0000000624000000, 0x0000000624000000|100%|HC|  |TAMS 0x0000000623c00000, 0x0000000623c00000| Complete 
| 140|0x0000000624000000, 0x0000000624400000, 0x0000000624400000|100%|HC|  |TAMS 0x0000000624000000, 0x0000000624000000| Complete 
| 141|0x0000000624400000, 0x0000000624800000, 0x0000000624800000|100%|HC|  |TAMS 0x0000000624400000, 0x0000000624400000| Complete 
| 142|0x0000000624800000, 0x0000000624c00000, 0x0000000624c00000|100%|HC|  |TAMS 0x0000000624800000, 0x0000000624800000| Complete 
| 143|0x0000000624c00000, 0x0000000625000000, 0x0000000625000000|100%|HC|  |TAMS 0x0000000624c00000, 0x0000000624c00000| Complete 
| 144|0x0000000625000000, 0x0000000625000000, 0x0000000625400000|  0%| F|  |TAMS 0x0000000625000000, 0x0000000625000000| Untracked 
| 145|0x0000000625400000, 0x0000000625400000, 0x0000000625800000|  0%| F|  |TAMS 0x0000000625400000, 0x0000000625400000| Untracked 
| 146|0x0000000625800000, 0x0000000625800000, 0x0000000625c00000|  0%| F|  |TAMS 0x0000000625800000, 0x0000000625800000| Untracked 
| 147|0x0000000625c00000, 0x0000000625c00000, 0x0000000626000000|  0%| F|  |TAMS 0x0000000625c00000, 0x0000000625c00000| Untracked 
| 148|0x0000000626000000, 0x0000000626000000, 0x0000000626400000|  0%| F|  |TAMS 0x0000000626000000, 0x0000000626000000| Untracked 
| 149|0x0000000626400000, 0x0000000626400000, 0x0000000626800000|  0%| F|  |TAMS 0x0000000626400000, 0x0000000626400000| Untracked 
| 150|0x0000000626800000, 0x0000000626800000, 0x0000000626c00000|  0%| F|  |TAMS 0x0000000626800000, 0x0000000626800000| Untracked 
| 151|0x0000000626c00000, 0x0000000626c00000, 0x0000000627000000|  0%| F|  |TAMS 0x0000000626c00000, 0x0000000626c00000| Untracked 
| 152|0x0000000627000000, 0x0000000627000000, 0x0000000627400000|  0%| F|  |TAMS 0x0000000627000000, 0x0000000627000000| Untracked 
| 153|0x0000000627400000, 0x0000000627400000, 0x0000000627800000|  0%| F|  |TAMS 0x0000000627400000, 0x0000000627400000| Untracked 
| 154|0x0000000627800000, 0x0000000627800000, 0x0000000627c00000|  0%| F|  |TAMS 0x0000000627800000, 0x0000000627800000| Untracked 
| 155|0x0000000627c00000, 0x0000000627c00000, 0x0000000628000000|  0%| F|  |TAMS 0x0000000627c00000, 0x0000000627c00000| Untracked 
| 156|0x0000000628000000, 0x0000000628000000, 0x0000000628400000|  0%| F|  |TAMS 0x0000000628000000, 0x0000000628000000| Untracked 
| 157|0x0000000628400000, 0x0000000628400000, 0x0000000628800000|  0%| F|  |TAMS 0x0000000628400000, 0x0000000628400000| Untracked 
| 158|0x0000000628800000, 0x0000000628800000, 0x0000000628c00000|  0%| F|  |TAMS 0x0000000628800000, 0x0000000628800000| Untracked 
| 159|0x0000000628c00000, 0x0000000628c00000, 0x0000000629000000|  0%| F|  |TAMS 0x0000000628c00000, 0x0000000628c00000| Untracked 
| 160|0x0000000629000000, 0x0000000629000000, 0x0000000629400000|  0%| F|  |TAMS 0x0000000629000000, 0x0000000629000000| Untracked 
| 161|0x0000000629400000, 0x0000000629400000, 0x0000000629800000|  0%| F|  |TAMS 0x0000000629400000, 0x0000000629400000| Untracked 
| 162|0x0000000629800000, 0x0000000629800000, 0x0000000629c00000|  0%| F|  |TAMS 0x0000000629800000, 0x0000000629800000| Untracked 
| 163|0x0000000629c00000, 0x0000000629c00000, 0x000000062a000000|  0%| F|  |TAMS 0x0000000629c00000, 0x0000000629c00000| Untracked 
| 164|0x000000062a000000, 0x000000062a000000, 0x000000062a400000|  0%| F|  |TAMS 0x000000062a000000, 0x000000062a000000| Untracked 
| 165|0x000000062a400000, 0x000000062a400000, 0x000000062a800000|  0%| F|  |TAMS 0x000000062a400000, 0x000000062a400000| Untracked 
| 166|0x000000062a800000, 0x000000062a800000, 0x000000062ac00000|  0%| F|  |TAMS 0x000000062a800000, 0x000000062a800000| Untracked 
| 167|0x000000062ac00000, 0x000000062ac00000, 0x000000062b000000|  0%| F|  |TAMS 0x000000062ac00000, 0x000000062ac00000| Untracked 
| 168|0x000000062b000000, 0x000000062b000000, 0x000000062b400000|  0%| F|  |TAMS 0x000000062b000000, 0x000000062b000000| Untracked 
| 169|0x000000062b400000, 0x000000062b400000, 0x000000062b800000|  0%| F|  |TAMS 0x000000062b400000, 0x000000062b400000| Untracked 
| 170|0x000000062b800000, 0x000000062b800000, 0x000000062bc00000|  0%| F|  |TAMS 0x000000062b800000, 0x000000062b800000| Untracked 
| 171|0x000000062bc00000, 0x000000062bc00000, 0x000000062c000000|  0%| F|  |TAMS 0x000000062bc00000, 0x000000062bc00000| Untracked 
| 172|0x000000062c000000, 0x000000062c000000, 0x000000062c400000|  0%| F|  |TAMS 0x000000062c000000, 0x000000062c000000| Untracked 
| 173|0x000000062c400000, 0x000000062c400000, 0x000000062c800000|  0%| F|  |TAMS 0x000000062c400000, 0x000000062c400000| Untracked 
| 174|0x000000062c800000, 0x000000062c800000, 0x000000062cc00000|  0%| F|  |TAMS 0x000000062c800000, 0x000000062c800000| Untracked 
| 175|0x000000062cc00000, 0x000000062cc00000, 0x000000062d000000|  0%| F|  |TAMS 0x000000062cc00000, 0x000000062cc00000| Untracked 
| 176|0x000000062d000000, 0x000000062d000000, 0x000000062d400000|  0%| F|  |TAMS 0x000000062d000000, 0x000000062d000000| Untracked 
| 177|0x000000062d400000, 0x000000062d400000, 0x000000062d800000|  0%| F|  |TAMS 0x000000062d400000, 0x000000062d400000| Untracked 
| 178|0x000000062d800000, 0x000000062d800000, 0x000000062dc00000|  0%| F|  |TAMS 0x000000062d800000, 0x000000062d800000| Untracked 
| 179|0x000000062dc00000, 0x000000062dc00000, 0x000000062e000000|  0%| F|  |TAMS 0x000000062dc00000, 0x000000062dc00000| Untracked 
| 180|0x000000062e000000, 0x000000062e000000, 0x000000062e400000|  0%| F|  |TAMS 0x000000062e000000, 0x000000062e000000| Untracked 
| 181|0x000000062e400000, 0x000000062e400000, 0x000000062e800000|  0%| F|  |TAMS 0x000000062e400000, 0x000000062e400000| Untracked 
| 182|0x000000062e800000, 0x000000062e800000, 0x000000062ec00000|  0%| F|  |TAMS 0x000000062e800000, 0x000000062e800000| Untracked 
| 183|0x000000062ec00000, 0x000000062ec00000, 0x000000062f000000|  0%| F|  |TAMS 0x000000062ec00000, 0x000000062ec00000| Untracked 
| 184|0x000000062f000000, 0x000000062f000000, 0x000000062f400000|  0%| F|  |TAMS 0x000000062f000000, 0x000000062f000000| Untracked 
| 185|0x000000062f400000, 0x000000062f400000, 0x000000062f800000|  0%| F|  |TAMS 0x000000062f400000, 0x000000062f400000| Untracked 
| 186|0x000000062f800000, 0x000000062f800000, 0x000000062fc00000|  0%| F|  |TAMS 0x000000062f800000, 0x000000062f800000| Untracked 
| 187|0x000000062fc00000, 0x000000062fc00000, 0x0000000630000000|  0%| F|  |TAMS 0x000000062fc00000, 0x000000062fc00000| Untracked 
| 188|0x0000000630000000, 0x0000000630000000, 0x0000000630400000|  0%| F|  |TAMS 0x0000000630000000, 0x0000000630000000| Untracked 
| 189|0x0000000630400000, 0x0000000630400000, 0x0000000630800000|  0%| F|  |TAMS 0x0000000630400000, 0x0000000630400000| Untracked 
| 190|0x0000000630800000, 0x0000000630800000, 0x0000000630c00000|  0%| F|  |TAMS 0x0000000630800000, 0x0000000630800000| Untracked 
| 191|0x0000000630c00000, 0x0000000630c00000, 0x0000000631000000|  0%| F|  |TAMS 0x0000000630c00000, 0x0000000630c00000| Untracked 
| 192|0x0000000631000000, 0x0000000631000000, 0x0000000631400000|  0%| F|  |TAMS 0x0000000631000000, 0x0000000631000000| Untracked 
| 193|0x0000000631400000, 0x0000000631400000, 0x0000000631800000|  0%| F|  |TAMS 0x0000000631400000, 0x0000000631400000| Untracked 
| 194|0x0000000631800000, 0x0000000631b6c5a0, 0x0000000631c00000| 85%| S|CS|TAMS 0x0000000631800000, 0x0000000631800000| Complete 
| 195|0x0000000631c00000, 0x0000000632000000, 0x0000000632000000|100%| S|CS|TAMS 0x0000000631c00000, 0x0000000631c00000| Complete 
| 196|0x0000000632000000, 0x0000000632400000, 0x0000000632400000|100%| S|CS|TAMS 0x0000000632000000, 0x0000000632000000| Complete 
| 197|0x0000000632400000, 0x0000000632800000, 0x0000000632800000|100%| S|CS|TAMS 0x0000000632400000, 0x0000000632400000| Complete 
| 198|0x0000000632800000, 0x0000000632800000, 0x0000000632c00000|  0%| F|  |TAMS 0x0000000632800000, 0x0000000632800000| Untracked 
| 199|0x0000000632c00000, 0x0000000632c00000, 0x0000000633000000|  0%| F|  |TAMS 0x0000000632c00000, 0x0000000632c00000| Untracked 
| 200|0x0000000633000000, 0x0000000633000000, 0x0000000633400000|  0%| F|  |TAMS 0x0000000633000000, 0x0000000633000000| Untracked 
| 201|0x0000000633400000, 0x0000000633400000, 0x0000000633800000|  0%| F|  |TAMS 0x0000000633400000, 0x0000000633400000| Untracked 
| 202|0x0000000633800000, 0x0000000633800000, 0x0000000633c00000|  0%| F|  |TAMS 0x0000000633800000, 0x0000000633800000| Untracked 
| 203|0x0000000633c00000, 0x0000000633c00000, 0x0000000634000000|  0%| F|  |TAMS 0x0000000633c00000, 0x0000000633c00000| Untracked 
| 204|0x0000000634000000, 0x0000000634000000, 0x0000000634400000|  0%| F|  |TAMS 0x0000000634000000, 0x0000000634000000| Untracked 
| 205|0x0000000634400000, 0x0000000634400000, 0x0000000634800000|  0%| F|  |TAMS 0x0000000634400000, 0x0000000634400000| Untracked 
| 206|0x0000000634800000, 0x0000000634800000, 0x0000000634c00000|  0%| F|  |TAMS 0x0000000634800000, 0x0000000634800000| Untracked 
| 207|0x0000000634c00000, 0x0000000634c00000, 0x0000000635000000|  0%| F|  |TAMS 0x0000000634c00000, 0x0000000634c00000| Untracked 
| 208|0x0000000635000000, 0x0000000635000000, 0x0000000635400000|  0%| F|  |TAMS 0x0000000635000000, 0x0000000635000000| Untracked 
| 209|0x0000000635400000, 0x0000000635400000, 0x0000000635800000|  0%| F|  |TAMS 0x0000000635400000, 0x0000000635400000| Untracked 
| 210|0x0000000635800000, 0x0000000635800000, 0x0000000635c00000|  0%| F|  |TAMS 0x0000000635800000, 0x0000000635800000| Untracked 
| 211|0x0000000635c00000, 0x0000000635c00000, 0x0000000636000000|  0%| F|  |TAMS 0x0000000635c00000, 0x0000000635c00000| Untracked 
| 212|0x0000000636000000, 0x0000000636000000, 0x0000000636400000|  0%| F|  |TAMS 0x0000000636000000, 0x0000000636000000| Untracked 
| 213|0x0000000636400000, 0x0000000636400000, 0x0000000636800000|  0%| F|  |TAMS 0x0000000636400000, 0x0000000636400000| Untracked 
| 214|0x0000000636800000, 0x0000000636800000, 0x0000000636c00000|  0%| F|  |TAMS 0x0000000636800000, 0x0000000636800000| Untracked 
| 215|0x0000000636c00000, 0x0000000636c00000, 0x0000000637000000|  0%| F|  |TAMS 0x0000000636c00000, 0x0000000636c00000| Untracked 
| 216|0x0000000637000000, 0x0000000637000000, 0x0000000637400000|  0%| F|  |TAMS 0x0000000637000000, 0x0000000637000000| Untracked 
| 217|0x0000000637400000, 0x0000000637400000, 0x0000000637800000|  0%| F|  |TAMS 0x0000000637400000, 0x0000000637400000| Untracked 
| 218|0x0000000637800000, 0x0000000637800000, 0x0000000637c00000|  0%| F|  |TAMS 0x0000000637800000, 0x0000000637800000| Untracked 
| 219|0x0000000637c00000, 0x0000000637c00000, 0x0000000638000000|  0%| F|  |TAMS 0x0000000637c00000, 0x0000000637c00000| Untracked 
| 220|0x0000000638000000, 0x0000000638000000, 0x0000000638400000|  0%| F|  |TAMS 0x0000000638000000, 0x0000000638000000| Untracked 
| 221|0x0000000638400000, 0x0000000638400000, 0x0000000638800000|  0%| F|  |TAMS 0x0000000638400000, 0x0000000638400000| Untracked 
| 222|0x0000000638800000, 0x0000000638800000, 0x0000000638c00000|  0%| F|  |TAMS 0x0000000638800000, 0x0000000638800000| Untracked 
| 223|0x0000000638c00000, 0x0000000638c00000, 0x0000000639000000|  0%| F|  |TAMS 0x0000000638c00000, 0x0000000638c00000| Untracked 
| 224|0x0000000639000000, 0x0000000639000000, 0x0000000639400000|  0%| F|  |TAMS 0x0000000639000000, 0x0000000639000000| Untracked 
| 225|0x0000000639400000, 0x0000000639400000, 0x0000000639800000|  0%| F|  |TAMS 0x0000000639400000, 0x0000000639400000| Untracked 
| 226|0x0000000639800000, 0x0000000639800000, 0x0000000639c00000|  0%| F|  |TAMS 0x0000000639800000, 0x0000000639800000| Untracked 
| 227|0x0000000639c00000, 0x0000000639c00000, 0x000000063a000000|  0%| F|  |TAMS 0x0000000639c00000, 0x0000000639c00000| Untracked 
| 228|0x000000063a000000, 0x000000063a000000, 0x000000063a400000|  0%| F|  |TAMS 0x000000063a000000, 0x000000063a000000| Untracked 
| 229|0x000000063a400000, 0x000000063a400000, 0x000000063a800000|  0%| F|  |TAMS 0x000000063a400000, 0x000000063a400000| Untracked 
| 230|0x000000063a800000, 0x000000063a800000, 0x000000063ac00000|  0%| F|  |TAMS 0x000000063a800000, 0x000000063a800000| Untracked 
| 231|0x000000063ac00000, 0x000000063ac00000, 0x000000063b000000|  0%| F|  |TAMS 0x000000063ac00000, 0x000000063ac00000| Untracked 
| 232|0x000000063b000000, 0x000000063b000000, 0x000000063b400000|  0%| F|  |TAMS 0x000000063b000000, 0x000000063b000000| Untracked 
| 233|0x000000063b400000, 0x000000063b400000, 0x000000063b800000|  0%| F|  |TAMS 0x000000063b400000, 0x000000063b400000| Untracked 
| 234|0x000000063b800000, 0x000000063b800000, 0x000000063bc00000|  0%| F|  |TAMS 0x000000063b800000, 0x000000063b800000| Untracked 
| 235|0x000000063bc00000, 0x000000063bc00000, 0x000000063c000000|  0%| F|  |TAMS 0x000000063bc00000, 0x000000063bc00000| Untracked 
| 236|0x000000063c000000, 0x000000063c000000, 0x000000063c400000|  0%| F|  |TAMS 0x000000063c000000, 0x000000063c000000| Untracked 
| 237|0x000000063c400000, 0x000000063c400000, 0x000000063c800000|  0%| F|  |TAMS 0x000000063c400000, 0x000000063c400000| Untracked 
| 238|0x000000063c800000, 0x000000063c800000, 0x000000063cc00000|  0%| F|  |TAMS 0x000000063c800000, 0x000000063c800000| Untracked 
| 239|0x000000063cc00000, 0x000000063ce00000, 0x000000063d000000| 50%| E|  |TAMS 0x000000063cc00000, 0x000000063cc00000| Complete 

Card table byte_map: [0x00000148f5ac0000,0x00000148f6ac0000] _byte_map_base: 0x00000148f2ab8000

Marking Bits (Prev, Next): (CMBitMap*) 0x00000148dbf72bb0, (CMBitMap*) 0x00000148dbf72bf0
 Prev Bits: [0x00000148f7ac0000, 0x00000148ffa80000)
 Next Bits: [0x0000014880000000, 0x0000014887fc0000)

Polling page: 0x00000148dd780000

Metaspace:

Usage:
  Non-class:      1.63 MB used.
      Class:    136.20 KB used.
       Both:      1.76 MB used.

Virtual space:
  Non-class space:        8.00 MB reserved,       1.75 MB ( 22%) committed,  1 nodes.
      Class space:        1.00 GB reserved,     256.00 KB ( <1%) committed,  1 nodes.
              Both:        1.01 GB reserved,       2.00 MB ( <1%) committed. 

Chunk freelists:
   Non-Class:  3.55 MB
       Class:  3.68 MB
        Both:  7.23 MB

MaxMetaspaceSize: 17179869184.00 GB
CompressedClassSpaceSize: 1.00 GB
 - commit_granule_bytes: 65536.
 - commit_granule_words: 8192.
 - virtual_space_node_default_size: 1048576.
 - enlarge_chunks_in_place: 1.
 - new_chunks_are_fully_committed: 0.
 - uncommit_free_chunks: 1.
 - use_allocation_guard: 0.
 - handle_deallocations: 1.


Internal statistics:

num_allocs_failed_limit: 0.
num_arena_births: 108.
num_arena_deaths: 0.
num_vsnodes_births: 2.
num_vsnodes_deaths: 0.
num_space_committed: 32.
num_space_uncommitted: 0.
num_chunks_returned_to_freelist: 0.
num_chunks_taken_from_freelist: 153.
num_chunk_merges: 0.
num_chunk_splits: 96.
num_chunks_enlarged: 50.
num_purges: 0.

CodeHeap 'non-profiled nmethods': size=120000Kb used=473Kb max_used=473Kb free=119526Kb
 bounds [0x00000148ec900000, 0x00000148ecb70000, 0x00000148f3e30000]
CodeHeap 'profiled nmethods': size=120000Kb used=1647Kb max_used=1647Kb free=118352Kb
 bounds [0x00000148e53d0000, 0x00000148e5640000, 0x00000148ec900000]
CodeHeap 'non-nmethods': size=5760Kb used=1191Kb max_used=1248Kb free=4568Kb
 bounds [0x00000148e4e30000, 0x00000148e50a0000, 0x00000148e53d0000]
 total_blobs=1159 nmethods=673 adapters=399
 compilation: enabled
              stopped_count=0, restarted_count=0
 full_count=0

Compilation events (20 events):
Event: 26.544 Thread 0x000001488b405b20  664 %     4       gurobi.GRBModel::update @ 1124 (1408 bytes)
Event: 26.545 Thread 0x000001488b405b20 nmethod 664% 0x00000148ec970690 code [0x00000148ec970820, 0x00000148ec9709b8]
Event: 26.563 Thread 0x000001488b40e570  665       1       gurobi.GRBConstr::setrowno (6 bytes)
Event: 26.564 Thread 0x000001488b40e570 nmethod 665 0x00000148ec970c10 code [0x00000148ec970da0, 0x00000148ec970e78]
Event: 26.564 Thread 0x000001488b40e570  666 %     3       gurobi.GRBModel::update @ 1170 (1408 bytes)
Event: 26.569 Thread 0x000001488b40e570 nmethod 666% 0x00000148e5552090 code [0x00000148e5552cc0, 0x00000148e555b758]
Event: 26.569 Thread 0x000001488b405b20  667 %     4       gurobi.GRBModel::update @ 1170 (1408 bytes)
Event: 26.571 Thread 0x000001488b405b20 nmethod 667% 0x00000148ec970f10 code [0x00000148ec9710a0, 0x00000148ec971238]
Event: 26.579 Thread 0x000001488b40e570  668       1       gurobi.GRBGenConstr::setindex (6 bytes)
Event: 26.579 Thread 0x000001488b40e570 nmethod 668 0x00000148ec971490 code [0x00000148ec971620, 0x00000148ec9716f8]
Event: 26.579 Thread 0x000001488b40e570  669 %     3       gurobi.GRBModel::update @ 1308 (1408 bytes)
Event: 26.584 Thread 0x000001488b40e570 nmethod 669% 0x00000148e555ed90 code [0x00000148e555f9c0, 0x00000148e55683d8]
Event: 26.584 Thread 0x000001488b405b20  670 %     4       gurobi.GRBModel::update @ 1308 (1408 bytes)
Event: 26.585 Thread 0x000001488b405b20 nmethod 670% 0x00000148ec971790 code [0x00000148ec971920, 0x00000148ec971ab8]
Event: 27.131 Thread 0x000001488b40e570  671       3       java.lang.StringConcatHelper::stringOf (20 bytes)
Event: 27.131 Thread 0x000001488b40e570 nmethod 671 0x00000148e556ba10 code [0x00000148e556bbc0, 0x00000148e556be08]
Event: 27.132 Thread 0x000001488b405b20  672 %     4       gurobi.GRBModel::update @ 18 (1408 bytes)
Event: 27.155 Thread 0x000001488b405b20 nmethod 672% 0x00000148ec971d10 code [0x00000148ec972040, 0x00000148ec973688]
Event: 27.155 Thread 0x000001488b405b20  673       4       gurobi.GRBModel::update (1408 bytes)
Event: 27.175 Thread 0x000001488b405b20 nmethod 673 0x00000148ec974690 code [0x00000148ec974960, 0x00000148ec975b60]

GC Heap History (20 events):
Event: 18.441 GC heap before
{Heap before GC invocations=17 (full 0):
 garbage-first heap   total 757760K, used 627482K [0x0000000601000000, 0x0000000800000000)
  region size 4096K, 70 young (286720K), 5 survivors (20480K)
 Metaspace       used 1782K, committed 1984K, reserved 1056768K
  class space    used 136K, committed 256K, reserved 1048576K
}
Event: 18.455 GC heap after
{Heap after GC invocations=18 (full 0):
 garbage-first heap   total 757760K, used 381321K [0x0000000601000000, 0x0000000800000000)
  region size 4096K, 9 young (36864K), 9 survivors (36864K)
 Metaspace       used 1782K, committed 1984K, reserved 1056768K
  class space    used 136K, committed 256K, reserved 1048576K
}
Event: 19.599 GC heap before
{Heap before GC invocations=19 (full 0):
 garbage-first heap   total 757760K, used 614793K [0x0000000601000000, 0x0000000800000000)
  region size 4096K, 70 young (286720K), 9 survivors (36864K)
 Metaspace       used 1782K, committed 1984K, reserved 1056768K
  class space    used 136K, committed 256K, reserved 1048576K
}
Event: 19.615 GC heap after
{Heap after GC invocations=20 (full 0):
 garbage-first heap   total 757760K, used 387708K [0x0000000601000000, 0x0000000800000000)
  region size 4096K, 6 young (24576K), 6 survivors (24576K)
 Metaspace       used 1782K, committed 1984K, reserved 1056768K
  class space    used 136K, committed 256K, reserved 1048576K
}
Event: 20.743 GC heap before
{Heap before GC invocations=20 (full 0):
 garbage-first heap   total 757760K, used 629372K [0x0000000601000000, 0x0000000800000000)
  region size 4096K, 65 young (266240K), 6 survivors (24576K)
 Metaspace       used 1782K, committed 1984K, reserved 1056768K
  class space    used 136K, committed 256K, reserved 1048576K
}
Event: 20.756 GC heap after
{Heap after GC invocations=21 (full 0):
 garbage-first heap   total 757760K, used 407825K [0x0000000601000000, 0x0000000800000000)
  region size 4096K, 5 young (20480K), 5 survivors (20480K)
 Metaspace       used 1782K, committed 1984K, reserved 1056768K
  class space    used 136K, committed 256K, reserved 1048576K
}
Event: 21.100 GC heap before
{Heap before GC invocations=22 (full 0):
 garbage-first heap   total 757760K, used 477457K [0x0000000601000000, 0x0000000800000000)
  region size 4096K, 23 young (94208K), 5 survivors (20480K)
 Metaspace       used 1782K, committed 1984K, reserved 1056768K
  class space    used 136K, committed 256K, reserved 1048576K
}
Event: 21.107 GC heap after
{Heap after GC invocations=23 (full 0):
 garbage-first heap   total 757760K, used 415332K [0x0000000601000000, 0x0000000800000000)
  region size 4096K, 2 young (8192K), 2 survivors (8192K)
 Metaspace       used 1782K, committed 1984K, reserved 1056768K
  class space    used 136K, committed 256K, reserved 1048576K
}
Event: 21.477 GC heap before
{Heap before GC invocations=24 (full 0):
 garbage-first heap   total 765952K, used 509540K [0x0000000601000000, 0x0000000800000000)
  region size 4096K, 22 young (90112K), 2 survivors (8192K)
 Metaspace       used 1782K, committed 1984K, reserved 1056768K
  class space    used 136K, committed 256K, reserved 1048576K
}
Event: 21.486 GC heap after
{Heap after GC invocations=25 (full 0):
 garbage-first heap   total 765952K, used 436357K [0x0000000601000000, 0x0000000800000000)
  region size 4096K, 3 young (12288K), 3 survivors (12288K)
 Metaspace       used 1782K, committed 1984K, reserved 1056768K
  class space    used 136K, committed 256K, reserved 1048576K
}
Event: 22.473 GC heap before
{Heap before GC invocations=26 (full 0):
 garbage-first heap   total 786432K, used 649349K [0x0000000601000000, 0x0000000800000000)
  region size 4096K, 54 young (221184K), 3 survivors (12288K)
 Metaspace       used 1782K, committed 1984K, reserved 1056768K
  class space    used 136K, committed 256K, reserved 1048576K
}
Event: 22.486 GC heap after
{Heap after GC invocations=27 (full 0):
 garbage-first heap   total 786432K, used 456935K [0x0000000601000000, 0x0000000800000000)
  region size 4096K, 7 young (28672K), 7 survivors (28672K)
 Metaspace       used 1782K, committed 1984K, reserved 1056768K
  class space    used 136K, committed 256K, reserved 1048576K
}
Event: 23.493 GC heap before
{Heap before GC invocations=27 (full 0):
 garbage-first heap   total 786432K, used 665831K [0x0000000601000000, 0x0000000800000000)
  region size 4096K, 58 young (237568K), 7 survivors (28672K)
 Metaspace       used 1782K, committed 1984K, reserved 1056768K
  class space    used 136K, committed 256K, reserved 1048576K
}
Event: 23.507 GC heap after
{Heap after GC invocations=28 (full 0):
 garbage-first heap   total 786432K, used 473314K [0x0000000601000000, 0x0000000800000000)
  region size 4096K, 8 young (32768K), 8 survivors (32768K)
 Metaspace       used 1782K, committed 1984K, reserved 1056768K
  class space    used 136K, committed 256K, reserved 1048576K
}
Event: 23.975 GC heap before
{Heap before GC invocations=29 (full 0):
 garbage-first heap   total 819200K, used 555234K [0x0000000601000000, 0x0000000800000000)
  region size 4096K, 32 young (131072K), 8 survivors (32768K)
 Metaspace       used 1782K, committed 1984K, reserved 1056768K
  class space    used 136K, committed 256K, reserved 1048576K
}
Event: 23.987 GC heap after
{Heap after GC invocations=30 (full 0):
 garbage-first heap   total 983040K, used 472973K [0x0000000601000000, 0x0000000800000000)
  region size 4096K, 3 young (12288K), 3 survivors (12288K)
 Metaspace       used 1782K, committed 1984K, reserved 1056768K
  class space    used 136K, committed 256K, reserved 1048576K
}
Event: 25.618 GC heap before
{Heap before GC invocations=31 (full 0):
 garbage-first heap   total 983040K, used 857997K [0x0000000601000000, 0x0000000800000000)
  region size 4096K, 88 young (360448K), 3 survivors (12288K)
 Metaspace       used 1782K, committed 1984K, reserved 1056768K
  class space    used 136K, committed 256K, reserved 1048576K
}
Event: 25.632 GC heap after
{Heap after GC invocations=32 (full 0):
 garbage-first heap   total 983040K, used 533717K [0x0000000601000000, 0x0000000800000000)
  region size 4096K, 9 young (36864K), 9 survivors (36864K)
 Metaspace       used 1782K, committed 1984K, reserved 1056768K
  class space    used 136K, committed 256K, reserved 1048576K
}
Event: 26.407 GC heap before
{Heap before GC invocations=32 (full 0):
 garbage-first heap   total 983040K, used 701653K [0x0000000601000000, 0x0000000800000000)
  region size 4096K, 51 young (208896K), 9 survivors (36864K)
 Metaspace       used 1783K, committed 1984K, reserved 1056768K
  class space    used 136K, committed 256K, reserved 1048576K
}
Event: 26.422 GC heap after
{Heap after GC invocations=33 (full 0):
 garbage-first heap   total 983040K, used 549193K [0x0000000601000000, 0x0000000800000000)
  region size 4096K, 4 young (16384K), 4 survivors (16384K)
 Metaspace       used 1783K, committed 1984K, reserved 1056768K
  class space    used 136K, committed 256K, reserved 1048576K
}

Deoptimization events (20 events):
Event: 26.545 Thread 0x00000148dbefeb60 DEOPT PACKING pc=0x00000148e554e223 sp=0x0000003f284ff100
Event: 26.545 Thread 0x00000148dbefeb60 DEOPT UNPACKING pc=0x00000148e4e7dece sp=0x0000003f284fe7c0 mode 0
Event: 26.563 Thread 0x00000148dbefeb60 Uncommon trap: trap_request=0xffffff45 fr.pc=0x00000148ec97094c relative=0x000000000000012c
Event: 26.563 Thread 0x00000148dbefeb60 Uncommon trap: reason=unstable_if action=reinterpret pc=0x00000148ec97094c method=gurobi.GRBModel.update()V @ 1129 c2
Event: 26.563 Thread 0x00000148dbefeb60 DEOPT PACKING pc=0x00000148ec97094c sp=0x0000003f284ff360
Event: 26.563 Thread 0x00000148dbefeb60 DEOPT UNPACKING pc=0x00000148e4e7d72e sp=0x0000003f284ff2c0 mode 2
Event: 26.571 Thread 0x00000148dbefeb60 DEOPT PACKING pc=0x00000148e555afa3 sp=0x0000003f284ff100
Event: 26.571 Thread 0x00000148dbefeb60 DEOPT UNPACKING pc=0x00000148e4e7dece sp=0x0000003f284fe7c0 mode 0
Event: 26.579 Thread 0x00000148dbefeb60 Uncommon trap: trap_request=0xffffff45 fr.pc=0x00000148ec9711cc relative=0x000000000000012c
Event: 26.579 Thread 0x00000148dbefeb60 Uncommon trap: reason=unstable_if action=reinterpret pc=0x00000148ec9711cc method=gurobi.GRBModel.update()V @ 1175 c2
Event: 26.579 Thread 0x00000148dbefeb60 DEOPT PACKING pc=0x00000148ec9711cc sp=0x0000003f284ff360
Event: 26.579 Thread 0x00000148dbefeb60 DEOPT UNPACKING pc=0x00000148e4e7d72e sp=0x0000003f284ff2c0 mode 2
Event: 26.586 Thread 0x00000148dbefeb60 DEOPT PACKING pc=0x00000148e5567ed3 sp=0x0000003f284ff100
Event: 26.586 Thread 0x00000148dbefeb60 DEOPT UNPACKING pc=0x00000148e4e7dece sp=0x0000003f284fe7c0 mode 0
Event: 26.594 Thread 0x00000148dbefeb60 Uncommon trap: trap_request=0xffffff45 fr.pc=0x00000148ec971a4c relative=0x000000000000012c
Event: 26.594 Thread 0x00000148dbefeb60 Uncommon trap: reason=unstable_if action=reinterpret pc=0x00000148ec971a4c method=gurobi.GRBModel.update()V @ 1313 c2
Event: 26.594 Thread 0x00000148dbefeb60 DEOPT PACKING pc=0x00000148ec971a4c sp=0x0000003f284ff360
Event: 26.594 Thread 0x00000148dbefeb60 DEOPT UNPACKING pc=0x00000148e4e7d72e sp=0x0000003f284ff2c0 mode 2
Event: 27.155 Thread 0x00000148dbefeb60 DEOPT PACKING pc=0x00000148e5526580 sp=0x0000003f284ff080
Event: 27.155 Thread 0x00000148dbefeb60 DEOPT UNPACKING pc=0x00000148e4e7dece sp=0x0000003f284fe730 mode 0

Classes unloaded (0 events):
No events

Classes redefined (0 events):
No events

Internal exceptions (5 events):
Event: 0.074 Thread 0x000001488b5e2290 Exception <a 'java/lang/NoSuchMethodError'{0x0000000620e6f868}: 'java.lang.Object java.lang.invoke.DirectMethodHandle$Holder.invokeStatic(java.lang.Object)'> (0x0000000620e6f868) 
thrown [t:\workspace\open\src\hotspot\share\interpreter\linkResolver.cpp, line 790]
Event: 0.074 Thread 0x000001488b5e2290 Exception <a 'java/lang/NoSuchMethodError'{0x0000000620e73178}: 'java.lang.Object java.lang.invoke.DirectMethodHandle$Holder.invokeStaticInit(java.lang.Object)'> (0x0000000620e73178) 
thrown [t:\workspace\open\src\hotspot\share\interpreter\linkResolver.cpp, line 790]
Event: 0.084 Thread 0x000001488b5e2290 Exception <a 'java/lang/NoSuchMethodError'{0x0000000620e80e08}: 'void java.lang.invoke.DirectMethodHandle$Holder.invokeStatic(java.lang.Object, java.lang.Object)'> (0x0000000620e80e08) 
thrown [t:\workspace\open\src\hotspot\share\interpreter\linkResolver.cpp, line 790]
Event: 0.097 Thread 0x00000148dbefeb60 Exception <a 'java/lang/NoSuchMethodError'{0x0000000620f446d0}: 'void java.lang.invoke.DirectMethodHandle$Holder.invokeSpecial(java.lang.Object, java.lang.Object, java.lang.Object)'> (0x0000000620f446d0) 
thrown [t:\workspace\open\src\hotspot\share\interpreter\linkResolver.cpp, line 790]
Event: 0.103 Thread 0x00000148dbefeb60 Exception <a 'java/lang/NoSuchMethodError'{0x0000000620f5bca8}: 'java.lang.Object java.lang.invoke.DirectMethodHandle$Holder.invokeStatic(java.lang.Object, int, java.lang.Object)'> (0x0000000620f5bca8) 
thrown [t:\workspace\open\src\hotspot\share\interpreter\linkResolver.cpp, line 790]

Events (20 events):
Event: 23.493 Executing  VM operation: G1CollectForAllocation
Event: 23.507 Executing  VM operation: G1CollectForAllocation done
Event: 23.639 Executing  VM operation: G1Concurrent
Event: 23.640 Executing  VM operation: G1Concurrent done
Event: 23.730 Executing  VM operation: G1Concurrent
Event: 23.731 Executing  VM operation: G1Concurrent done
Event: 23.975 Executing  VM operation: G1TryInitiateConcMark
Event: 23.987 Executing  VM operation: G1TryInitiateConcMark done
Event: 24.114 Executing  VM operation: G1Concurrent
Event: 24.115 Executing  VM operation: G1Concurrent done
Event: 24.225 Executing  VM operation: G1Concurrent
Event: 24.225 Executing  VM operation: G1Concurrent done
Event: 25.618 Executing  VM operation: G1CollectForAllocation
Event: 25.632 Executing  VM operation: G1CollectForAllocation done
Event: 26.407 Executing  VM operation: G1TryInitiateConcMark
Event: 26.422 Executing  VM operation: G1TryInitiateConcMark done
Event: 26.561 Executing  VM operation: G1Concurrent
Event: 26.562 Executing  VM operation: G1Concurrent done
Event: 26.684 Executing  VM operation: G1Concurrent
Event: 26.684 Executing  VM operation: G1Concurrent done


Dynamic libraries:
0x00007ff735ae0000 - 0x00007ff735aee000 	C:\Users\aless\.jdks\openjdk-16.0.1\bin\java.exe
0x00007ffe9e740000 - 0x00007ffe9e947000 	C:\WINDOWS\SYSTEM32\ntdll.dll
0x00007ffe9dae0000 - 0x00007ffe9db9d000 	C:\WINDOWS\System32\KERNEL32.DLL
0x00007ffe9c090000 - 0x00007ffe9c404000 	C:\WINDOWS\System32\KERNELBASE.dll
0x00007ffe99200000 - 0x00007ffe99291000 	C:\WINDOWS\SYSTEM32\apphelp.dll
0x00007ffe9c4b0000 - 0x00007ffe9c5c1000 	C:\WINDOWS\System32\ucrtbase.dll
0x00007ffe98370000 - 0x00007ffe98388000 	C:\Users\aless\.jdks\openjdk-16.0.1\bin\jli.dll
0x00007ffe982c0000 - 0x00007ffe982d9000 	C:\Users\aless\.jdks\openjdk-16.0.1\bin\VCRUNTIME140.dll
0x00007ffe9c830000 - 0x00007ffe9c9dc000 	C:\WINDOWS\System32\USER32.dll
0x00007ffe8e050000 - 0x00007ffe8e2f5000 	C:\WINDOWS\WinSxS\amd64_microsoft.windows.common-controls_6595b64144ccf1df_6.0.22000.120_none_9d947278b86cc467\COMCTL32.dll
0x00007ffe9bd10000 - 0x00007ffe9bd36000 	C:\WINDOWS\System32\win32u.dll
0x00007ffe9cd20000 - 0x00007ffe9cdc3000 	C:\WINDOWS\System32\msvcrt.dll
0x00007ffe9c6b0000 - 0x00007ffe9c6d9000 	C:\WINDOWS\System32\GDI32.dll
0x00007ffe9bd40000 - 0x00007ffe9be52000 	C:\WINDOWS\System32\gdi32full.dll
0x00007ffe9c410000 - 0x00007ffe9c4ad000 	C:\WINDOWS\System32\msvcp_win.dll
0x00007ffe9ca50000 - 0x00007ffe9ca81000 	C:\WINDOWS\System32\IMM32.DLL
0x00007ffe982b0000 - 0x00007ffe982bc000 	C:\Users\aless\.jdks\openjdk-16.0.1\bin\vcruntime140_1.dll
0x00007ffe80f80000 - 0x00007ffe81011000 	C:\Users\aless\.jdks\openjdk-16.0.1\bin\msvcp140.dll
0x00007ffe56410000 - 0x00007ffe56fbb000 	C:\Users\aless\.jdks\openjdk-16.0.1\bin\server\jvm.dll
0x00007ffe9dd60000 - 0x00007ffe9de0c000 	C:\WINDOWS\System32\ADVAPI32.dll
0x00007ffe9e5e0000 - 0x00007ffe9e67d000 	C:\WINDOWS\System32\sechost.dll
0x00007ffe9de10000 - 0x00007ffe9df31000 	C:\WINDOWS\System32\RPCRT4.dll
0x00007ffe9e6f0000 - 0x00007ffe9e6f8000 	C:\WINDOWS\System32\PSAPI.DLL
0x00007ffe950e0000 - 0x00007ffe95113000 	C:\WINDOWS\SYSTEM32\WINMM.dll
0x00007ffe935a0000 - 0x00007ffe935aa000 	C:\WINDOWS\SYSTEM32\VERSION.dll
0x00007ffe779f0000 - 0x00007ffe779f9000 	C:\WINDOWS\SYSTEM32\WSOCK32.dll
0x00007ffe9e680000 - 0x00007ffe9e6ef000 	C:\WINDOWS\System32\WS2_32.dll
0x00007ffe9ad50000 - 0x00007ffe9ad68000 	C:\WINDOWS\SYSTEM32\kernel.appcore.dll
0x00007ffe982a0000 - 0x00007ffe982aa000 	C:\Users\aless\.jdks\openjdk-16.0.1\bin\jimage.dll
0x00007ffe90f40000 - 0x00007ffe91161000 	C:\WINDOWS\SYSTEM32\DBGHELP.DLL
0x00007ffe8cd40000 - 0x00007ffe8cd71000 	C:\WINDOWS\SYSTEM32\dbgcore.DLL
0x00007ffe9bc20000 - 0x00007ffe9bca0000 	C:\WINDOWS\System32\bcryptPrimitives.dll
0x00007ffe95240000 - 0x00007ffe9524e000 	C:\Users\aless\.jdks\openjdk-16.0.1\bin\instrument.dll
0x00007ffe8dfb0000 - 0x00007ffe8dfd5000 	C:\Users\aless\.jdks\openjdk-16.0.1\bin\java.dll
0x00007ffe9cf30000 - 0x00007ffe9d6d9000 	C:\WINDOWS\System32\SHELL32.dll
0x00007ffe99dd0000 - 0x00007ffe9a632000 	C:\WINDOWS\SYSTEM32\windows.storage.dll
0x00007ffe9d760000 - 0x00007ffe9dad8000 	C:\WINDOWS\System32\combase.dll
0x00007ffe99c60000 - 0x00007ffe99dc6000 	C:\WINDOWS\SYSTEM32\wintypes.dll
0x00007ffe9ca90000 - 0x00007ffe9cb7a000 	C:\WINDOWS\System32\SHCORE.dll
0x00007ffe9cdd0000 - 0x00007ffe9ce2d000 	C:\WINDOWS\System32\shlwapi.dll
0x00007ffe9bb50000 - 0x00007ffe9bb71000 	C:\WINDOWS\SYSTEM32\profapi.dll
0x00007ffe95220000 - 0x00007ffe95238000 	C:\Users\aless\.jdks\openjdk-16.0.1\bin\zip.dll
0x00007ffe8cc80000 - 0x00007ffe8cc99000 	C:\Users\aless\.jdks\openjdk-16.0.1\bin\net.dll
0x00007ffe949e0000 - 0x00007ffe94aec000 	C:\WINDOWS\SYSTEM32\WINHTTP.dll
0x00007ffe9b1d0000 - 0x00007ffe9b237000 	C:\WINDOWS\system32\mswsock.dll
0x00007ffe8cc60000 - 0x00007ffe8cc73000 	C:\Users\aless\.jdks\openjdk-16.0.1\bin\nio.dll
0x00007ffe84fb0000 - 0x00007ffe84fca000 	D:\Programmi\IntelliJ IDEA 2020.3.3\bin\breakgen64.dll
0x00007ffe84f70000 - 0x00007ffe84fa2000 	C:\Program Files\Gurobi 9.0.3\win64\bin\GurobiJni90.dll
0x00007ffe3e4b0000 - 0x00007ffe403ca000 	C:\Program Files\Gurobi 9.0.3\win64\bin\gurobi90.dll
0x00007ffe9be60000 - 0x00007ffe9bfc2000 	C:\WINDOWS\System32\CRYPT32.dll
0x00007ffe9d700000 - 0x00007ffe9d756000 	C:\WINDOWS\System32\WLDAP32.dll
0x00007ffe9c6e0000 - 0x00007ffe9c6e8000 	C:\WINDOWS\System32\Normaliz.dll
0x00007ffe9af70000 - 0x00007ffe9afb0000 	C:\WINDOWS\SYSTEM32\SspiCli.dll

dbghelp: loaded successfully - version: 4.0.5 - missing functions: none
symbol engine: initialized successfully - sym options: 0x614 - pdb path: .;C:\Users\aless\.jdks\openjdk-16.0.1\bin;C:\WINDOWS\SYSTEM32;C:\WINDOWS\WinSxS\amd64_microsoft.windows.common-controls_6595b64144ccf1df_6.0.22000.120_none_9d947278b86cc467;C:\Users\aless\.jdks\openjdk-16.0.1\bin\server;D:\Programmi\IntelliJ IDEA 2020.3.3\bin;C:\Program Files\Gurobi 9.0.3\win64\bin

VM Arguments:
jvm_args: -javaagent:D:\Programmi\IntelliJ IDEA 2020.3.3\lib\idea_rt.jar=50063:D:\Programmi\IntelliJ IDEA 2020.3.3\bin -Dfile.encoding=UTF-8 
java_command: Gurobi.Optimizer
java_class_path (initial): C:\Users\aless\IdeaProjects\OAProject\out\production\OAProject;C:\Program Files\Gurobi 9.0.3\win64\lib\gurobi.jar
Launcher Type: SUN_STANDARD

[Global flags]
     intx CICompilerCount                          = 4                                         {product} {ergonomic}
     uint ConcGCThreads                            = 3                                         {product} {ergonomic}
     uint G1ConcRefinementThreads                  = 10                                        {product} {ergonomic}
   size_t G1HeapRegionSize                         = 4194304                                   {product} {ergonomic}
    uintx GCDrainStackTargetSize                   = 64                                        {product} {ergonomic}
   size_t InitialHeapSize                          = 536870912                                 {product} {ergonomic}
   size_t MarkStackSize                            = 4194304                                   {product} {ergonomic}
   size_t MaxHeapSize                              = 8573157376                                {product} {ergonomic}
   size_t MaxNewSize                               = 5142216704                                {product} {ergonomic}
   size_t MinHeapDeltaBytes                        = 4194304                                   {product} {ergonomic}
   size_t MinHeapSize                              = 8388608                                   {product} {ergonomic}
    uintx NonNMethodCodeHeapSize                   = 5839372                                {pd product} {ergonomic}
    uintx NonProfiledCodeHeapSize                  = 122909434                              {pd product} {ergonomic}
    uintx ProfiledCodeHeapSize                     = 122909434                              {pd product} {ergonomic}
    uintx ReservedCodeCacheSize                    = 251658240                              {pd product} {ergonomic}
     bool SegmentedCodeCache                       = true                                      {product} {ergonomic}
   size_t SoftMaxHeapSize                          = 8573157376                             {manageable} {ergonomic}
     bool UseCompressedClassPointers               = true                           {product lp64_product} {ergonomic}
     bool UseCompressedOops                        = true                           {product lp64_product} {ergonomic}
     bool UseG1GC                                  = true                                      {product} {ergonomic}
     bool UseLargePagesIndividualAllocation        = false                                  {pd product} {ergonomic}

Logging:
Log output configuration:
 #0: stdout all=warning uptime,level,tags
 #1: stderr all=off uptime,level,tags

Environment Variables:
PATH=C:\Program Files\Gurobi 9.0.3\win64\bin;C:\Program Files (x86)\Common Files\Oracle\Java\javapath;C:\ProgramData\Oracle\Java\javapath;C:\Windows\system32;C:\Windows;C:\Windows\System32\Wbem;C:\Windows\System32\WindowsPowerShell\v1.0\;C:\Windows\System32\OpenSSH\;C:\Program Files (x86)\NVIDIA Corporation\PhysX\Common;C:\Program Files\NVIDIA Corporation\NVIDIA NvDLISR;C:\WINDOWS\system32;C:\WINDOWS;C:\WINDOWS\System32\Wbem;C:\WINDOWS\System32\WindowsPowerShell\v1.0\;C:\WINDOWS\System32\OpenSSH\;C:\PROGRA~1\MATLAB\R2020b\bin;C:\Program Files\MATLAB\R2020b\bin;C:\Program Files\Crucial\Crucial Storage Executive;C:\Program Files\PuTTY\;C:\Program Files\Git\cmd;D:\Programmi\XAMPP\php;C:\ProgramData\ComposerSetup\bin;C:\Users\aless\AppData\Local\Microsoft\WindowsApps;C:\Users\aless\AppData\Roaming\Composer\vendor\bin
USERNAME=aless
OS=Windows_NT
PROCESSOR_IDENTIFIER=AMD64 Family 23 Model 113 Stepping 0, AuthenticAMD



---------------  S Y S T E M  ---------------

OS:
 Windows 10 , 64 bit Build 22000 (10.0.22000.120)
OS uptime: 0 days 2:45 hours

CPU: total 12 (initial active 12) (12 cores per cpu, 2 threads per core) family 23 model 113 stepping 0 microcode 0x0, cx8, cmov, fxsr, ht, mmx, 3dnowpref, sse, sse2, sse3, ssse3, sse4a, sse4.1, sse4.2, popcnt, lzcnt, tsc, tscinvbit, avx, avx2, aes, clmul, bmi1, bmi2, adx, sha, fma, vzeroupper, clflush, clflushopt

Memory: 4k page, system-wide physical 32694M (2107M free)
TotalPageFile size 56694M (AvailPageFile size 1752M)
current process WorkingSet (physical memory assigned to process): 26586M, peak: 28541M
current process commit charge ("private bytes"): 45638M, peak: 47469M

vm_info: OpenJDK 64-Bit Server VM (16.0.1+9-24) for windows-amd64 JRE (16.0.1+9-24), built on Mar 26 2021 19:30:07 by "mach5one" with MS VC++ 16.7 (VS2019)

END.
